start time: 2026-05-31T13:21:33
mode: overnight
max weight requested: 20
resume: True
thresholds: {'max_raw_terms_per_space': 10000, 'max_quotient_dim': 3000, 'max_matrix_nnz': 250000, 'max_runtime_per_weight': None, 'max_memory_gb': None}
preflight feasible upper bound: 8
preflight skip: estimated max raw terms per homogeneous space is 21426, exceeding max_raw_terms_per_space=10000
weight 1: completed from checkpoint
weight 2: completed from checkpoint
weight 3: completed from checkpoint
weight 4: completed from checkpoint
weight 5: completed from checkpoint
weight 6: completed from checkpoint
weight 7: completed from checkpoint
weight 8: completed from checkpoint
weight 9: skipped (estimated max raw terms per homogeneous space is 21426, exceeding max_raw_terms_per_space=10000)
weight 10: skipped (adaptive stop after feasible upper bound W=8; higher weights were not enumerated)
weight 11: skipped (adaptive stop after feasible upper bound W=8; higher weights were not enumerated)
weight 12: skipped (adaptive stop after feasible upper bound W=8; higher weights were not enumerated)
weight 13: skipped (adaptive stop after feasible upper bound W=8; higher weights were not enumerated)
weight 14: skipped (adaptive stop after feasible upper bound W=8; higher weights were not enumerated)
weight 15: skipped (adaptive stop after feasible upper bound W=8; higher weights were not enumerated)
weight 16: skipped (adaptive stop after feasible upper bound W=8; higher weights were not enumerated)
weight 17: skipped (adaptive stop after feasible upper bound W=8; higher weights were not enumerated)
weight 18: skipped (adaptive stop after feasible upper bound W=8; higher weights were not enumerated)
weight 19: skipped (adaptive stop after feasible upper bound W=8; higher weights were not enumerated)
weight 20: skipped (adaptive stop after feasible upper bound W=8; higher weights were not enumerated)
end time: 2026-05-31T13:21:33
runtime seconds: 0.012
completed weights: [1, 2, 3, 4, 5, 6, 7, 8]
skipped weights: [9, 10, 11, 12, 13, 14, 15, 16, 17, 18, 19, 20]
failed weights: []
