start time: 2026-06-01T00:34:12
mode: validation
max weight requested: 9
resume: True
thresholds: {'max_raw_terms_per_space': 120000, 'max_quotient_dim': 500000, 'max_matrix_nnz': 50000000, 'max_runtime_per_weight': None, 'max_memory_gb': None}
preflight feasible upper bound: 9
model build seconds for W=9: 370.260
weight 1: completed from checkpoint
weight 2: completed from checkpoint
weight 3: completed from checkpoint
weight 4: completed from checkpoint
weight 5: completed from checkpoint
weight 6: completed from checkpoint
weight 7: completed from checkpoint
weight 8: completed from checkpoint
weight 9: completed, dim_H1_old=0, new_s_cells=0, runtime_seconds=412.455
end time: 2026-06-01T00:47:17
runtime seconds: 784.387
completed weights: [1, 2, 3, 4, 5, 6, 7, 8, 9]
skipped weights: []
failed weights: []
