start time: 2026-06-03T04:47:17
max weight requested: 10
mode: bounded degree<=2 computation
predicted browser formulas: excluded from input
computed V1 cells: 3
V1 r1_00001_w2 weight=2 d=(x*x)
V1 r1_00002_w10 weight=10 d=((((((x*x)*x)*x)*x)*x)*((x*x)*(x*x)))
V1 r1_00003_w10 weight=10 d=(((((x*x)*x)*x)*x)*(((x*x)*x)*(x*x)))
built A^(1) model in 0.021 seconds
weight 1: completed, dim_H1_old=0, V2 cells=0
weight 2: completed, dim_H1_old=0, V2 cells=0
weight 3: completed, dim_H1_old=0, V2 cells=0
weight 4: completed, dim_H1_old=1, V2 cells=1
weight 5: completed, dim_H1_old=0, V2 cells=0
weight 6: completed, dim_H1_old=0, V2 cells=0
weight 7: completed, dim_H1_old=1, V2 cells=1
weight 8: completed, dim_H1_old=1, V2 cells=1
weight 9: completed, dim_H1_old=0, V2 cells=0
weight 10: completed, dim_H1_old=2, V2 cells=2
end time: 2026-06-03T04:47:17
runtime seconds: 0.116
completed weights: [1, 2, 3, 4, 5, 6, 7, 8, 9, 10]
failed weights: []
